<?xml version="1.0" encoding="UTF-8"?>
<robot generator="Robot 7.3.2 (Python 3.13.3 on win32)" generated="2025-10-14T20:07:06.045745" rpa="false" schemaversion="5">
<suite id="s1" name="Task19" source="C:\Users\CK NITHYAKALA\OneDrive\Desktop\Task19\task19.robot">
<test id="s1-t1" name="Verify if Login page opens and user able to logout" line="12">
<kw name="Open Browser" owner="SeleniumLibrary">
<msg time="2025-10-14T20:07:06.340073" level="INFO">Opening browser 'chrome' to base url 'https://robotsparebinindustries.com/'.</msg>
<arg>${URL}</arg>
<arg>${BROWSER}</arg>
<doc>Opens a new browser instance to the optional ``url``.</doc>
<status status="PASS" start="2025-10-14T20:07:06.339853" elapsed="1.850852"/>
</kw>
<kw name="Input Text" owner="SeleniumLibrary">
<msg time="2025-10-14T20:07:08.191515" level="INFO">Typing text 'maria' into text field 'id=username'.</msg>
<arg>id=username</arg>
<arg>${USERNAME}</arg>
<doc>Types the given ``text`` into the text field identified by ``locator``.</doc>
<status status="PASS" start="2025-10-14T20:07:08.191096" elapsed="0.148845"/>
</kw>
<kw name="Input Text" owner="SeleniumLibrary">
<msg time="2025-10-14T20:07:08.340709" level="INFO">Typing text 'thoushallnotpass' into text field 'id=password'.</msg>
<arg>id=password</arg>
<arg>${PASSWORD}</arg>
<doc>Types the given ``text`` into the text field identified by ``locator``.</doc>
<status status="PASS" start="2025-10-14T20:07:08.340354" elapsed="0.223210"/>
</kw>
<kw name="Click Button" owner="SeleniumLibrary">
<msg time="2025-10-14T20:07:08.564612" level="INFO">Clicking button 'xpath=//button[text()="Log in"]'.</msg>
<arg>xpath=//button[text()="Log in"]</arg>
<doc>Clicks the button identified by ``locator``.</doc>
<status status="PASS" start="2025-10-14T20:07:08.564271" elapsed="0.192319"/>
</kw>
<kw name="Capture Page Screenshot" owner="SeleniumLibrary">
<msg time="2025-10-14T20:07:08.911897" level="INFO" html="true">&lt;/td&gt;&lt;/tr&gt;&lt;tr&gt;&lt;td colspan="3"&gt;&lt;a href="selenium-screenshot-1.png"&gt;&lt;img src="selenium-screenshot-1.png" width="800px"&gt;&lt;/a&gt;</msg>
<doc>Takes a screenshot of the current page and embeds it into a log file.</doc>
<status status="PASS" start="2025-10-14T20:07:08.757171" elapsed="0.154801"/>
</kw>
<kw name="Wait Until Page Contains Element" owner="SeleniumLibrary">
<arg>id=firstname</arg>
<arg>timeout=10s</arg>
<doc>Waits until the element ``locator`` appears on the current page.</doc>
<status status="PASS" start="2025-10-14T20:07:08.912378" elapsed="0.648321"/>
</kw>
<kw name="Capture Page Screenshot" owner="SeleniumLibrary">
<msg time="2025-10-14T20:07:09.651636" level="INFO" html="true">&lt;/td&gt;&lt;/tr&gt;&lt;tr&gt;&lt;td colspan="3"&gt;&lt;a href="selenium-screenshot-2.png"&gt;&lt;img src="selenium-screenshot-2.png" width="800px"&gt;&lt;/a&gt;</msg>
<doc>Takes a screenshot of the current page and embeds it into a log file.</doc>
<status status="PASS" start="2025-10-14T20:07:09.561419" elapsed="0.090302"/>
</kw>
<kw name="Click Button" owner="SeleniumLibrary">
<msg time="2025-10-14T20:07:09.652379" level="INFO">Clicking button 'id=logout'.</msg>
<arg>id=logout</arg>
<doc>Clicks the button identified by ``locator``.</doc>
<status status="PASS" start="2025-10-14T20:07:09.652142" elapsed="0.112799"/>
</kw>
<kw name="Wait Until Element Is Visible" owner="SeleniumLibrary">
<arg>id=username</arg>
<arg>timeout=10s</arg>
<doc>Waits until the element ``locator`` is visible.</doc>
<status status="PASS" start="2025-10-14T20:07:09.765296" elapsed="1.978478"/>
</kw>
<kw name="Capture Page Screenshot" owner="SeleniumLibrary">
<msg time="2025-10-14T20:07:11.841883" level="INFO" html="true">&lt;/td&gt;&lt;/tr&gt;&lt;tr&gt;&lt;td colspan="3"&gt;&lt;a href="selenium-screenshot-3.png"&gt;&lt;img src="selenium-screenshot-3.png" width="800px"&gt;&lt;/a&gt;</msg>
<doc>Takes a screenshot of the current page and embeds it into a log file.</doc>
<status status="PASS" start="2025-10-14T20:07:11.744624" elapsed="0.097363"/>
</kw>
<kw name="Close Browser" owner="SeleniumLibrary">
<doc>Closes the current browser.</doc>
<status status="PASS" start="2025-10-14T20:07:11.842427" elapsed="2.356651"/>
</kw>
<status status="PASS" start="2025-10-14T20:07:06.339206" elapsed="7.860443"/>
</test>
<status status="PASS" start="2025-10-14T20:07:06.047313" elapsed="8.153651"/>
</suite>
<statistics>
<total>
<stat pass="1" fail="0" skip="0">All Tests</stat>
</total>
<tag>
</tag>
<suite>
<stat name="Task19" id="s1" pass="1" fail="0" skip="0">Task19</stat>
</suite>
</statistics>
<errors>
</errors>
</robot>
